desc: I1 cache:         32768 B, 64 B, 8-way associative
desc: D1 cache:         32768 B, 64 B, 8-way associative
desc: LL cache:         8388608 B, 64 B, 16-way associative
cmd: /home/isg/hacks/src/ishworgurung/rustfoo/list-intersect/target/release/list-intersect
events: Ir I1mr ILmr Dr D1mr DLmr Dw D1mw DLmw 
fl=/build/gcc/src/gcc-build/gcc/include/cpuid.h
fn=__cpu_indicator_init@GCC_4.8.0
264 4 0 0 0 0 0 0 0 0
285 4 0 0 0 0 0 0 0 0
288 8 0 0 0 0 0 0 0 0
fl=/build/gcc/src/gcc/libgcc/config/i386/cpuinfo.c
fn=__cpu_indicator_init@GCC_4.8.0
125 2 0 0 0 0 0 0 0 0
133 7 0 0 1 1 1 0 0 0
197 2 1 1 0 0 0 1 0 0
199 1 0 0 0 0 0 0 0 0
425 3 1 1 0 0 0 2 0 0
434 4 0 0 2 2 0 0 0 0
435 1 0 0 0 0 0 0 0 0
447 2 1 1 0 0 0 0 0 0
459 3 0 0 0 0 0 0 0 0
460 3 0 0 0 0 0 0 0 0
462 3 0 0 0 0 0 0 0 0
465 2 1 1 0 0 0 0 0 0
473 2 0 0 0 0 0 0 0 0
474 2 1 1 0 0 0 0 0 0
479 2 0 0 0 0 0 1 0 0
480 1 0 0 0 0 0 1 0 0
504 2 0 0 0 0 0 0 0 0
505 4 0 0 3 0 0 0 0 0
fn=get_available_features
258 2 1 1 0 0 0 1 0 0
282 2 0 0 0 0 0 0 0 0
288 2 0 0 0 0 0 0 0 0
291 4 0 0 0 0 0 0 0 0
293 1 0 0 0 0 0 0 0 0
294 1 1 1 0 0 0 0 0 0
295 4 0 0 0 0 0 0 0 0
309 3 1 1 0 0 0 0 0 0
312 4 0 0 0 0 0 0 0 0
314 4 0 0 0 0 0 0 0 0
316 4 0 0 0 0 0 0 0 0
318 4 1 1 0 0 0 0 0 0
320 4 0 0 0 0 0 0 0 0
322 4 0 0 0 0 0 0 0 0
324 4 0 0 0 0 0 0 0 0
326 4 1 1 0 0 0 0 0 0
328 4 0 0 0 0 0 0 0 0
330 4 0 0 0 0 0 0 0 0
331 2 0 0 0 0 0 0 0 0
333 2 0 0 0 0 0 0 0 0
334 1 1 1 0 0 0 0 0 0
335 2 0 0 0 0 0 0 0 0
336 2 1 1 0 0 0 0 0 0
340 2 0 0 0 0 0 0 0 0
342 3 0 0 0 0 0 0 0 0
343 2 0 0 0 0 0 0 0 0
344 1 0 0 0 0 0 0 0 0
345 2 0 0 0 0 0 0 0 0
347 2 0 0 0 0 0 0 0 0
348 1 0 0 0 0 0 0 0 0
350 2 0 0 0 0 0 0 0 0
351 1 1 1 0 0 0 0 0 0
352 2 0 0 0 0 0 0 0 0
392 2 0 0 0 0 0 0 0 0
394 2 0 0 0 0 0 0 0 0
396 2 0 0 0 0 0 0 0 0
398 2 0 0 0 0 0 0 0 0
400 2 0 0 0 0 0 0 0 0
402 2 0 0 0 0 0 0 0 0
404 2 0 0 0 0 0 0 0 0
409 2 0 0 1 0 0 1 0 0
415 2 0 0 2 0 0 0 0 0
fl=/cargo/registry/src/github.com-1ecc6299db9ec823/hashbrown-0.6.2/src/raw/mod.rs
fn=hashbrown::raw::bucket_mask_to_capacity
0 23 0 0 0 0 0 0 0 0
202 32 0 0 0 0 0 0 0 0
203 64 0 0 0 0 0 0 0 0
209 92 0 0 0 0 0 0 0 0
211 32 0 0 32 0 0 0 0 0
fn=hashbrown::raw::capacity_to_buckets
0 42 1 1 0 0 0 0 0 0
182 32 1 1 0 0 0 0 0 0
184 6 0 0 0 0 0 0 0 0
190 78 0 0 0 0 0 0 0 0
197 16 0 0 16 0 0 0 0 0
fl=/cargo/registry/src/github.com-1ecc6299db9ec823/hashbrown-0.6.2/src/raw/sse2.rs
fn=hashbrown::raw::sse2::Group::static_empty
41 9 1 1 3 0 0 0 0 0
fl=/rustc/58b834344fc7b9185e7a50db1ff24e5eb07dae5e//src/liballoc/string.rs
fn=alloc::string::<impl core::convert::From<alloc::string::String> for alloc::vec::Vec<u8>>::from
2346 1 1 1 0 0 0 0 0 0
2347 4 1 1 2 0 0 2 0 0
2348 1 0 0 1 0 0 0 0 0
fl=/rustc/58b834344fc7b9185e7a50db1ff24e5eb07dae5e//src/libcore/cmp.rs
fn=core::fmt::write
0 11 0 0 0 0 0 0 0 0
941 11 0 0 0 0 0 0 0 0
fl=/rustc/58b834344fc7b9185e7a50db1ff24e5eb07dae5e//src/libcore/fmt/mod.rs
fn=<&T as core::fmt::Display>::fmt
1948 15 1 1 10 0 0 0 0 0
2013 10 1 1 5 4 2 0 0 0
fn=<core::time::Duration as core::fmt::Debug>::fmt
1450 25 1 1 15 0 0 0 0 0
1645 5 0 0 5 0 0 0 0 0
fn=<core::time::Duration as core::fmt::Debug>::fmt::fmt_decimal
0 15 1 1 5 0 0 5 0 0
1473 60 1 1 10 0 0 30 0 0
fn=core::fmt::Formatter::debug_lower_hex
1731 3 1 1 1 0 0 0 0 0
1732 1 0 0 1 0 0 0 0 0
fn=core::fmt::Formatter::debug_upper_hex
1735 3 0 0 1 0 0 0 0 0
1736 1 0 0 1 0 0 0 0 0
fn=core::fmt::Formatter::pad
0 75 2 2 50 0 0 0 0 0
1278 50 1 1 0 0 0 35 0 0
1280 10 0 0 5 0 0 0 0 0
1285 10 0 0 0 0 0 0 0 0
1308 15 0 0 5 0 0 0 0 0
fn=core::fmt::Formatter::pad_integral
0 60 2 2 36 0 0 0 0 0
1184 66 1 1 0 0 0 36 0 0
1188 12 0 0 0 0 0 0 0 0
1191 12 0 0 0 0 0 0 0 0
1196 6 0 0 0 0 0 0 0 0
1216 12 0 0 6 0 0 0 0 0
1217 42 0 0 0 0 0 6 0 0
1218 30 0 0 18 0 0 0 0 0
1645 36 0 0 6 0 0 0 0 0
1700 6 1 1 0 0 0 0 0 0
fn=core::fmt::Formatter::pad_integral::write_prefix
0 6 0 0 0 0 0 0 0 0
1205 36 1 1 0 0 0 18 0 0
1206 12 1 1 0 0 0 0 0 0
1209 12 0 0 0 0 0 0 0 0
1210 24 0 0 24 0 0 0 0 0
fn=core::fmt::write
0 88 5 5 22 0 0 6 0 0
285 20 0 0 5 0 0 0 0 0
286 10 0 0 10 0 0 0 0 0
1035 99 1 1 0 0 0 66 4 2
1036 66 1 1 0 0 0 66 4 2
1048 33 0 0 11 0 0 0 0 0
1050 18 1 1 18 0 0 0 0 0
1051 36 0 0 18 13 6 6 4 2
1052 30 0 0 12 0 0 6 0 0
1056 5 0 0 5 0 0 0 0 0
1059 10 0 0 10 0 0 0 0 0
1060 75 0 0 40 10 4 10 0 0
1061 20 0 0 0 0 0 0 0 0
1062 5 0 0 0 0 0 0 0 0
1068 11 0 0 0 0 0 0 0 0
1069 54 0 0 30 0 0 6 0 0
1073 99 0 0 77 0 0 0 0 0
1076 20 0 0 10 5 3 10 0 0
1077 20 0 0 10 5 3 10 0 0
1078 20 1 1 10 0 0 10 0 0
1079 40 0 0 20 5 3 20 0 0
1080 40 0 0 20 0 0 20 0 0
1083 50 1 1 20 0 0 0 0 0
1086 20 0 0 10 0 0 10 0 0
1091 105 0 0 0 0 0 5 0 0
1093 10 0 0 0 0 0 0 0 0
fl=/rustc/58b834344fc7b9185e7a50db1ff24e5eb07dae5e//src/libcore/fmt/num.rs
fn=core::fmt::num::imp::<impl core::fmt::Display for u64>::fmt
0 13 2 2 0 0 0 0 0 0
32 12 0 0 6 0 0 0 0 0
201 15 0 0 0 0 0 0 0 0
203 6 0 0 0 0 0 0 0 0
205 1 0 0 0 0 0 0 0 0
206 6 0 0 0 0 0 0 0 0
207 1 0 0 0 0 0 0 0 0
216 14 0 0 0 0 0 0 0 0
217 6 1 1 0 0 0 0 0 0
218 15 0 0 0 0 0 0 0 0
219 3 0 0 0 0 0 0 0 0
224 12 0 0 0 0 0 0 0 0
225 12 0 0 0 0 0 0 0 0
226 12 0 0 0 0 0 6 0 0
236 6 0 0 0 0 0 0 0 0
238 30 0 0 6 5 2 6 0 0
245 12 1 1 0 0 0 0 0 0
254 12 0 0 6 0 0 0 0 0
fl=/rustc/58b834344fc7b9185e7a50db1ff24e5eb07dae5e//src/libcore/intrinsics.rs
fn=core::fmt::num::imp::<impl core::fmt::Display for u64>::fmt
1523 10 0 0 5 4 3 5 0 0
fl=/rustc/58b834344fc7b9185e7a50db1ff24e5eb07dae5e//src/libcore/iter/adapters/zip.rs
fn=core::fmt::write
0 15 1 1 10 0 0 5 5 2
176 54 0 0 0 0 0 0 0 0
fl=/rustc/58b834344fc7b9185e7a50db1ff24e5eb07dae5e//src/libcore/option.rs
fn=<core::time::Duration as core::fmt::Debug>::fmt::fmt_decimal
0 45 0 0 0 0 0 0 0 0
403 15 1 1 0 0 0 0 0 0
450 15 1 1 0 0 0 0 0 0
fn=core::fmt::Formatter::pad
191 5 0 0 0 0 0 0 0 0
fl=/rustc/58b834344fc7b9185e7a50db1ff24e5eb07dae5e//src/libcore/ptr/const_ptr.rs
fn=core::fmt::num::imp::<impl core::fmt::Display for u64>::fmt
160 3 0 0 0 0 0 0 0 0
fl=/rustc/58b834344fc7b9185e7a50db1ff24e5eb07dae5e//src/libcore/ptr/mut_ptr.rs
fn=core::fmt::Formatter::pad
154 8 0 0 0 0 0 0 0 0
fn=core::fmt::num::imp::<impl core::fmt::Display for u64>::fmt
154 18 1 1 0 0 0 0 0 0
fl=/rustc/58b834344fc7b9185e7a50db1ff24e5eb07dae5e//src/libcore/slice/mod.rs
fn=<core::time::Duration as core::fmt::Debug>::fmt::fmt_decimal
2837 10 0 0 0 0 0 0 0 0
fn=core::fmt::Formatter::pad
0 14 1 1 0 0 0 0 0 0
3098 5 1 1 0 0 0 0 0 0
3222 98 1 1 0 0 0 0 0 0
fn=core::fmt::write
2770 11 0 0 0 0 0 0 0 0
fl=/rustc/58b834344fc7b9185e7a50db1ff24e5eb07dae5e//src/libcore/str/mod.rs
fn=core::fmt::Formatter::pad
500 152 0 0 0 0 0 0 0 0
595 38 1 1 38 0 0 0 0 0
596 38 0 0 0 0 0 0 0 0
598 10 0 0 0 0 0 0 0 0
fl=/rustc/58b834344fc7b9185e7a50db1ff24e5eb07dae5e//src/libcore/time.rs
fn=<core::time::Duration as core::fmt::Debug>::fmt
0 25 0 0 15 0 0 0 0 0
847 25 1 1 0 0 0 10 0 0
939 5 0 0 0 0 0 0 0 0
943 15 1 1 5 0 0 0 0 0
944 20 0 0 0 0 0 4 0 0
946 2 1 1 0 0 0 0 0 0
949 2 1 1 0 0 0 0 0 0
950 9 0 0 0 0 0 1 0 0
fn=<core::time::Duration as core::fmt::Debug>::fmt::fmt_decimal
0 10 0 0 10 0 0 0 0 0
858 25 1 1 0 0 0 15 0 0
868 10 1 1 0 0 0 10 0 0
875 167 0 0 0 0 0 0 0 0
877 228 1 1 0 0 0 38 0 0
879 114 0 0 0 0 0 0 0 0
880 114 0 0 0 0 0 0 0 0
881 38 0 0 0 0 0 0 0 0
925 10 0 0 0 0 0 0 0 0
930 10 0 0 0 0 0 10 0 0
933 10 0 0 0 0 0 5 0 0
934 55 1 1 0 0 0 30 0 0
936 20 0 0 15 0 0 0 0 0
fl=/rustc/58b834344fc7b9185e7a50db1ff24e5eb07dae5e//src/libpanic_unwind/lib.rs
fn=__rust_maybe_catch_panic
79 9 1 1 0 0 0 5 0 0
86 2 0 0 0 0 0 1 0 0
94 7 1 1 5 1 1 0 0 0
fl=/rustc/58b834344fc7b9185e7a50db1ff24e5eb07dae5e//src/libstd/alloc.rs
fn=__rdl_alloc
234 58 1 1 0 0 0 29 0 0
fn=__rdl_realloc
245 336 1 1 0 0 0 210 0 0
fl=/rustc/58b834344fc7b9185e7a50db1ff24e5eb07dae5e//src/libstd/ffi/c_str.rs
fn=alloc::sync::Arc<T>::drop_slow
644 1 0 0 0 0 0 1 1 1
fn=std::ffi::c_str::CString::from_vec_unchecked
380 6 1 1 0 0 0 4 0 0
383 8 1 1 3 0 0 4 0 0
384 6 0 0 5 0 0 0 0 0
fn=std::thread::Thread::new
355 1 0 0 0 0 0 0 0 0
356 9 1 1 3 0 0 3 0 0
fl=/rustc/58b834344fc7b9185e7a50db1ff24e5eb07dae5e//src/libstd/io/buffered.rs
fn=<std::io::buffered::BufWriter<W> as std::io::Write>::write
654 429 1 1 39 0 0 195 10 4
655 117 0 0 0 0 0 0 0 0
658 78 1 1 0 0 0 0 0 0
666 273 1 1 234 0 0 0 0 0
fn=<std::io::stdio::StdoutLock as std::io::Write>::write
0 33 1 1 33 0 0 0 0 0
684 12 0 0 0 0 0 6 0 0
1004 66 0 0 33 0 0 0 0 0
1013 162 2 2 0 0 0 27 0 0
1021 48 0 0 12 0 0 12 0 0
1022 12 0 0 0 0 0 6 0 0
1023 12 0 0 0 0 0 0 0 0
1032 24 0 0 0 0 0 6 0 0
1033 36 1 1 12 0 0 12 0 0
1102 12 1 1 6 0 0 6 0 0
fn=core::ptr::drop_in_place
0 1 0 0 0 0 0 0 0 0
714 3 0 0 1 0 0 0 0 0
716 2 1 1 0 0 0 1 0 0
fn=std::io::buffered::BufWriter<W>::flush_buf
0 36 0 0 6 0 0 6 0 0
518 56 2 2 0 0 0 42 0 0
520 7 0 0 7 0 0 0 0 0
521 7 0 0 0 0 0 7 0 0
522 32 0 0 0 0 0 0 0 0
523 6 0 0 0 0 0 6 0 0
525 6 0 0 0 0 0 6 0 0
528 24 1 1 0 0 0 0 0 0
533 6 0 0 0 0 0 0 0 0
541 18 2 2 6 0 0 0 0 0
544 70 1 1 35 0 0 35 0 0
545 56 0 0 49 0 0 0 0 0
fn=std::io::stdio::stdout
0 1 1 1 0 0 0 0 0 0
921 4 0 0 2 0 0 2 0 0
fl=/rustc/58b834344fc7b9185e7a50db1ff24e5eb07dae5e//src/libstd/io/impls.rs
fn=<std::io::buffered::BufWriter<W> as std::io::Write>::write
341 117 0 0 0 0 0 78 0 0
fl=/rustc/58b834344fc7b9185e7a50db1ff24e5eb07dae5e//src/libstd/io/lazy.rs
fn=std::io::stdio::stdout
0 1 0 0 0 0 0 0 0 0
30 6 0 0 0 0 0 6 0 0
32 24 0 0 0 0 0 0 0 0
37 5 0 0 5 4 2 0 0 0
58 2 0 0 0 0 0 0 0 0
fl=/rustc/58b834344fc7b9185e7a50db1ff24e5eb07dae5e//src/libstd/io/mod.rs
fn=<std::io::Write::write_fmt::Adaptor<T> as core::fmt::Write>::write_str
0 76 0 0 0 0 0 0 0 0
1416 304 1 1 0 0 0 152 0 0
1417 114 0 0 38 0 0 38 9 4
1418 76 0 0 38 0 0 0 0 0
1424 228 1 1 190 0 0 0 0 0
fn=<std::io::stdio::Stdout as std::io::Write>::write_fmt
1427 12 0 0 0 0 0 12 0 0
1428 60 1 1 24 5 2 24 0 0
1429 18 1 1 0 0 0 6 0 0
fn=std::io::Write::write_all
0 302 1 1 38 0 0 33 0 0
1354 304 1 1 0 0 0 266 14 6
1355 104 1 1 0 0 0 0 0 0
1356 165 0 0 0 0 0 33 10 4
1357 165 2 2 66 0 0 0 0 0
1365 38 0 0 0 0 0 38 0 0
1366 304 1 1 266 0 0 0 0 0
fl=/rustc/58b834344fc7b9185e7a50db1ff24e5eb07dae5e//src/libstd/io/stdio.rs
fn=<std::io::stdio::Stdout as std::io::Write>::write_fmt
523 6 0 0 6 0 0 0 0 0
548 48 2 2 0 0 0 30 0 0
549 18 0 0 0 0 0 12 0 0
550 48 0 0 36 0 0 0 0 0
fn=<std::io::stdio::StdoutLock as std::io::Write>::write
554 231 1 1 0 0 0 198 0 0
556 297 1 1 231 0 0 0 0 0
fn=std::io::buffered::BufWriter<W>::flush_buf
0 6 0 0 0 0 0 0 0 0
130 12 2 2 0 0 0 0 0 0
170 30 1 1 0 0 0 12 0 0
fn=std::io::stdio::_print
796 6 0 0 0 0 0 0 0 0
800 78 1 1 30 10 4 36 5 3
804 12 0 0 6 0 0 0 0 0
816 18 1 1 0 0 0 12 0 0
817 54 1 1 18 0 0 30 0 0
818 24 0 0 18 0 0 0 0 0
fn=std::io::stdio::stdout
484 30 1 1 0 0 0 24 4 2
498 42 0 0 30 0 0 0 0 0
fl=/rustc/58b834344fc7b9185e7a50db1ff24e5eb07dae5e//src/libstd/panicking.rs
fn=<std::io::stdio::Stdout as std::io::Write>::write_fmt
0 1 0 0 0 0 0 0 0 0
236 21 1 1 5 0 0 0 0 0
310 12 0 0 6 0 0 0 0 0
fn=std::panicking::try::do_call
298 2 1 1 0 0 0 1 0 0
302 1 0 0 1 0 0 0 0 0
303 1 1 1 0 0 0 1 1 1
305 2 0 0 2 0 0 0 0 0
fn=std::rt::lang_start_internal
0 1 0 0 0 0 0 1 0 0
277 1 0 0 0 0 0 1 0 0
278 2 1 1 0 0 0 1 0 0
279 1 0 0 0 0 0 1 0 0
281 6 0 0 1 0 0 1 0 0
288 2 0 0 0 0 0 0 0 0
289 3 1 1 1 0 0 1 1 1
fl=/rustc/58b834344fc7b9185e7a50db1ff24e5eb07dae5e//src/libstd/rt.rs
fn=std::panicking::try::do_call
52 3 0 0 2 0 0 1 0 0
fn=std::rt::lang_start_internal
23 9 2 2 0 0 0 8 0 0
44 5 1 1 2 2 1 3 0 0
45 6 0 0 1 1 0 4 0 0
56 5 1 1 3 1 1 0 0 0
58 8 1 1 7 2 2 0 0 0
fn=std::sys_common::backtrace::__rust_begin_short_backtrace
52 1 1 1 1 1 0 0 0 0
fl=/rustc/58b834344fc7b9185e7a50db1ff24e5eb07dae5e//src/libstd/sync/condvar.rs
fn=alloc::sync::Arc<T>::drop_slow
601 1 0 0 1 0 0 0 0 0
fn=std::thread::Thread::new
130 2 1 1 0 0 0 2 0 0
134 2 0 0 1 0 0 1 0 0
fl=/rustc/58b834344fc7b9185e7a50db1ff24e5eb07dae5e//src/libstd/sync/mutex.rs
fn=alloc::sync::Arc<T>::drop_slow
372 1 0 0 1 1 1 0 0 0
fn=std::thread::Thread::new
0 1 0 0 0 0 0 0 0 0
175 6 1 1 2 0 0 4 0 0
fl=/rustc/58b834344fc7b9185e7a50db1ff24e5eb07dae5e//src/libstd/sync/once.rs
fn=<std::sync::once::WaiterQueue as core::ops::drop::Drop>::drop
483 4 1 1 0 0 0 3 0 0
486 2 0 0 2 0 0 0 0 0
489 5 0 0 0 0 0 1 0 0
499 1 0 0 0 0 0 0 0 0
509 5 1 1 4 0 0 0 0 0
fn=std::rt::lang_start_internal
259 1 0 0 0 0 0 0 0 0
263 1 1 1 0 0 0 1 0 0
264 6 0 0 1 0 0 2 0 0
374 1 0 0 0 0 0 0 0 0
fn=std::sync::once::Once::call_inner
0 1 0 0 0 0 0 0 0 0
389 10 2 2 0 0 0 8 0 0
391 2 0 0 0 0 0 0 0 0
393 2 0 0 0 0 0 0 0 0
405 1 0 0 0 0 0 0 0 0
411 2 0 0 0 0 0 2 0 0
417 6 1 1 3 1 1 1 0 0
418 2 0 0 0 0 0 1 0 0
430 8 0 0 7 0 0 0 0 0
fn=std::sync::once::Once::call_once::{{closure}}
264 16 1 1 8 0 0 6 0 0
fl=/rustc/58b834344fc7b9185e7a50db1ff24e5eb07dae5e//src/libstd/sys/unix/alloc.rs
fn=__rdl_alloc
13 116 0 0 0 0 0 0 0 0
14 87 0 0 58 9 0 0 0 0
fn=__rdl_dealloc
42 29 0 0 29 7 1 0 0 0
fn=__rdl_realloc
47 168 0 0 0 0 0 0 0 0
48 336 1 1 210 16 6 0 0 0
fl=/rustc/58b834344fc7b9185e7a50db1ff24e5eb07dae5e//src/libstd/sys/unix/args.rs
fn=std::sync::once::Once::call_once::{{closure}}
128 1 0 0 0 0 0 1 0 0
129 1 0 0 0 0 0 1 0 0
fn=std::sys::unix::args::imp::ARGV_INIT_ARRAY::init_wrapper
91 1 0 0 0 0 0 1 0 0
92 1 0 0 0 0 0 1 0 0
114 4 1 1 0 0 0 3 0 0
120 1 0 0 0 0 0 0 0 0
fl=/rustc/58b834344fc7b9185e7a50db1ff24e5eb07dae5e//src/libstd/sys/unix/condvar.rs
fn=alloc::sync::Arc<T>::drop_slow
164 1 0 0 1 0 0 1 0 0
fn=std::sys::unix::condvar::Condvar::init
0 3 0 0 0 0 0 0 0 0
46 4 1 1 0 0 0 1 0 0
49 2 0 0 1 1 0 2 0 0
50 2 0 0 0 0 0 0 0 0
51 3 0 0 1 1 0 2 0 0
52 2 0 0 0 0 0 0 0 0
53 3 1 1 1 1 0 2 0 0
54 2 0 0 0 0 0 0 0 0
55 2 0 0 1 1 0 2 0 0
56 2 0 0 0 0 0 0 0 0
57 3 0 0 2 0 0 0 0 0
fn=std::thread::Thread::new
27 3 0 0 0 0 0 3 0 0
fl=/rustc/58b834344fc7b9185e7a50db1ff24e5eb07dae5e//src/libstd/sys/unix/fast_thread_local.rs
fn=std::thread::local::fast::Key<T>::try_initialize
27 4 1 1 2 1 0 0 0 0
33 10 1 1 2 0 0 2 1 0
fl=/rustc/58b834344fc7b9185e7a50db1ff24e5eb07dae5e//src/libstd/sys/unix/fd.rs
fn=std::io::buffered::BufWriter<W>::flush_buf
103 12 1 1 6 0 0 6 0 0
105 18 0 0 0 0 0 0 0 0
fl=/rustc/58b834344fc7b9185e7a50db1ff24e5eb07dae5e//src/libstd/sys/unix/memchr.rs
fn=<std::io::stdio::StdoutLock as std::io::Write>::write
19 33 0 0 0 0 0 0 0 0
23 132 0 0 33 0 0 33 10 4
29 39 0 0 0 0 0 0 0 0
fn=std::thread::Thread::new
6 3 0 0 1 0 0 1 0 0
fl=/rustc/58b834344fc7b9185e7a50db1ff24e5eb07dae5e//src/libstd/sys/unix/mod.rs
fn=std::io::buffered::BufWriter<W>::flush_buf
133 6 0 0 0 0 0 0 0 0
141 6 0 0 0 0 0 0 0 0
fn=std::rt::lang_start_internal
89 5 0 0 1 0 0 1 0 0
fn=std::time::Instant::elapsed
133 5 0 0 0 0 0 0 0 0
141 5 0 0 0 0 0 0 0 0
fn=std::time::Instant::now
133 2 0 0 0 0 0 0 0 0
141 2 0 0 0 0 0 0 0 0
fl=/rustc/58b834344fc7b9185e7a50db1ff24e5eb07dae5e//src/libstd/sys/unix/mutex.rs
fn=<std::io::stdio::Stdout as std::io::Write>::write_fmt
113 6 0 0 6 0 0 6 0 0
123 6 0 0 6 0 0 6 0 0
fn=alloc::sync::Arc<T>::drop_slow
72 1 0 0 1 0 0 1 0 0
128 1 0 0 1 1 0 1 0 0
fn=core::ops::function::FnOnce::call_once{{vtable-shim}}
57 2 0 0 1 0 0 1 0 0
62 2 1 1 1 0 0 1 0 0
fn=std::io::stdio::stdout
57 18 0 0 6 5 2 6 4 2
62 18 1 1 6 4 2 12 0 0
96 5 1 1 0 0 0 3 0 0
101 2 0 0 1 0 0 1 0 0
104 3 0 0 1 0 0 1 0 0
106 3 0 0 1 1 0 1 0 0
108 2 0 0 1 1 0 1 0 0
fn=std::sync::once::Once::call_once::{{closure}}
57 33 1 1 1 0 0 11 0 0
62 22 0 0 1 0 0 11 0 0
fn=std::sys::unix::args::imp::ARGV_INIT_ARRAY::init_wrapper
57 3 0 0 1 0 0 1 0 0
62 5 0 0 4 1 0 0 0 0
fn=std::sys_common::at_exit_imp::push
57 3 0 0 1 0 0 1 0 0
62 3 0 0 1 0 0 1 0 0
fn=std::thread::Thread::new
23 6 1 1 0 0 0 3 0 0
46 2 0 0 1 0 0 1 0 0
48 3 0 0 1 0 0 1 0 0
50 3 0 0 1 1 0 1 0 0
52 2 0 0 1 0 0 1 0 0
57 3 0 0 1 0 0 1 0 0
62 2 0 0 1 0 0 1 0 0
fl=/rustc/58b834344fc7b9185e7a50db1ff24e5eb07dae5e//src/libstd/sys/unix/os.rs
fn=std::rt::lang_start_internal
548 2 0 0 1 1 0 1 0 0
fl=/rustc/58b834344fc7b9185e7a50db1ff24e5eb07dae5e//src/libstd/sys/unix/rand.rs
fn=std::thread::local::fast::Key<T>::try_initialize
0 5 0 0 2 1 1 0 0 0
5 2 0 0 0 0 0 1 0 0
10 2 1 1 1 0 0 1 0 0
29 6 1 1 0 0 0 1 0 0
44 1 0 0 0 0 0 0 0 0
49 2 0 0 0 0 0 0 0 0
51 2 0 0 0 0 0 0 0 0
69 1 0 0 0 0 0 0 0 0
fl=/rustc/58b834344fc7b9185e7a50db1ff24e5eb07dae5e//src/libstd/sys/unix/stack_overflow.rs
fn=std::rt::lang_start_internal
114 1 1 1 0 0 0 1 0 0
115 2 0 0 0 0 0 1 0 0
116 7 0 0 1 1 0 1 0 0
117 4 0 0 0 0 0 1 0 0
120 1 0 0 0 0 0 1 0 0
130 7 1 1 1 1 0 1 0 0
131 2 0 0 0 0 0 0 0 0
156 2 0 0 1 1 0 1 0 0
158 2 0 0 1 0 0 0 0 0
159 4 0 0 0 0 0 3 0 0
160 2 0 0 1 0 0 1 0 0
161 1 0 0 1 0 0 0 0 0
fn=std::sync::once::Once::call_once::{{closure}}
0 4 1 1 2 0 0 0 0 0
125 1 0 0 1 1 1 0 0 0
168 1 0 0 0 0 0 0 0 0
169 4 1 1 0 0 0 3 0 0
178 2 0 0 1 0 0 1 0 0
179 3 0 0 1 0 0 1 0 0
fl=/rustc/58b834344fc7b9185e7a50db1ff24e5eb07dae5e//src/libstd/sys/unix/thread.rs
fn=std::rt::lang_start_internal
0 1 0 0 0 0 0 0 0 0
288 4 0 0 1 0 0 2 0 0
292 4 1 1 2 2 0 2 0 0
293 2 0 0 0 0 0 0 0 0
294 1 0 0 0 0 0 1 0 0
295 4 0 0 0 0 0 1 1 0
296 4 1 1 1 1 0 2 0 0
297 2 0 0 1 0 0 0 0 0
299 4 0 0 1 1 0 2 0 0
305 2 0 0 0 0 0 0 0 0
306 2 0 0 0 0 0 0 0 0
314 6 1 1 1 1 0 0 0 0
315 4 0 0 0 0 0 0 0 0
323 1 0 0 0 0 0 1 1 1
339 3 0 0 0 0 0 0 0 0
fl=/rustc/58b834344fc7b9185e7a50db1ff24e5eb07dae5e//src/libstd/sys/unix/time.rs
fn=std::sys::unix::time::Timespec::sub_timespec
0 30 1 1 0 0 0 0 0 0
21 25 1 1 0 0 0 10 0 0
22 20 0 0 20 0 0 0 0 0
23 25 1 1 0 0 0 15 0 0
26 3 1 1 0 0 0 0 0 0
30 4 0 0 0 0 0 0 0 0
31 4 0 0 0 0 0 0 0 0
40 20 0 0 15 0 0 0 0 0
fn=std::time::Instant::elapsed
289 5 0 0 0 0 0 5 0 0
349 15 0 0 0 0 0 5 0 0
350 10 0 0 5 5 2 5 1 1
351 5 0 0 5 0 0 0 0 0
fn=std::time::Instant::now
349 6 1 1 0 0 0 2 0 0
350 4 0 0 2 1 0 2 0 0
351 4 0 0 4 0 0 0 0 0
fl=/rustc/58b834344fc7b9185e7a50db1ff24e5eb07dae5e//src/libstd/sys_common/at_exit_imp.rs
fn=std::sync::once::Once::call_once::{{closure}}
0 15 1 1 1 0 0 2 0 0
45 2 0 0 0 0 0 0 0 0
49 22 0 0 0 0 0 0 0 0
54 19 0 0 3 1 1 8 0 0
56 5 0 0 0 0 0 1 0 0
fn=std::sys_common::at_exit_imp::push
0 3 0 0 0 0 0 2 0 0
29 3 0 0 1 1 1 0 0 0
31 1 0 0 0 0 0 1 0 0
63 11 2 2 0 0 0 8 0 0
65 1 0 0 0 0 0 1 0 0
75 9 0 0 7 0 0 0 0 0
fl=/rustc/58b834344fc7b9185e7a50db1ff24e5eb07dae5e//src/libstd/sys_common/condvar.rs
fn=std::thread::Thread::new
28 2 0 0 0 0 0 1 0 0
fl=/rustc/58b834344fc7b9185e7a50db1ff24e5eb07dae5e//src/libstd/sys_common/mod.rs
fn=std::io::stdio::stdout
121 3 0 0 0 0 0 1 0 0
fl=/rustc/58b834344fc7b9185e7a50db1ff24e5eb07dae5e//src/libstd/sys_common/mutex.rs
fn=std::sys_common::at_exit_imp::push
97 2 0 0 1 0 0 0 0 0
fl=/rustc/58b834344fc7b9185e7a50db1ff24e5eb07dae5e//src/libstd/sys_common/poison.rs
fn=<std::io::stdio::Stdout as std::io::Write>::write_fmt
34 18 0 0 6 0 0 0 0 0
fl=/rustc/58b834344fc7b9185e7a50db1ff24e5eb07dae5e//src/libstd/sys_common/remutex.rs
fn=<std::io::stdio::Stdout as std::io::Write>::write_fmt
74 6 0 0 6 0 0 0 0 0
150 6 0 0 6 0 0 0 0 0
151 6 1 1 6 0 0 0 0 0
fn=<std::io::stdio::StdoutLock as std::io::Write>::write
142 33 0 0 33 0 0 0 0 0
fn=alloc::sync::Arc<T>::drop_slow
104 1 0 0 1 0 0 0 0 0
fn=std::io::stdio::stdout
0 1 0 0 0 0 0 0 0 0
57 12 1 1 6 0 0 6 0 0
fl=/rustc/58b834344fc7b9185e7a50db1ff24e5eb07dae5e//src/libstd/sys_common/thread_info.rs
fn=std::sys_common::thread_info::set
39 7 1 1 0 0 0 4 0 0
40 1 0 0 0 0 0 0 0 0
41 9 0 0 4 0 0 5 0 0
42 5 0 0 4 0 0 0 0 0
fl=/rustc/58b834344fc7b9185e7a50db1ff24e5eb07dae5e//src/libstd/thread/local.rs
fn=<std::io::stdio::Stdout as std::io::Write>::write_fmt
408 12 0 0 0 0 0 0 0 0
fn=std::collections::hash::map::RandomState::new::KEYS::__getit
155 3 1 1 0 0 0 3 0 0
176 6 0 0 4 0 0 0 0 0
408 3 0 0 0 0 0 0 0 0
409 2 0 0 1 0 0 0 0 0
fn=std::io::stdio::_print
0 5 0 0 0 0 0 0 0 0
261 2 0 0 0 0 0 0 0 0
262 12 0 0 6 0 0 6 0 0
408 6 0 0 0 0 0 0 0 0
409 2 1 1 0 0 0 1 1 0
fn=std::sys_common::thread_info::set
239 5 0 0 2 0 0 3 0 0
261 2 0 0 0 0 0 0 0 0
408 2 0 0 0 0 0 0 0 0
409 1 0 0 0 0 0 1 0 0
fn=std::thread::local::fast::Key<T>::try_initialize
311 4 1 1 0 0 0 0 0 0
422 12 2 2 0 0 0 10 0 0
428 15 1 1 13 0 0 0 0 0
434 6 0 0 4 1 0 0 0 0
435 4 0 0 0 0 0 0 0 0
fn=std::thread::local::fast::destroy_value
450 4 2 2 0 0 0 3 0 0
459 6 1 1 3 0 0 3 0 0
460 6 0 0 5 0 0 0 0 0
fl=/rustc/58b834344fc7b9185e7a50db1ff24e5eb07dae5e//src/libstd/thread/mod.rs
fn=std::thread::Thread::new
1061 1 0 0 0 0 0 1 0 0
1065 3 0 0 1 1 0 0 0 0
1070 2 1 1 0 0 0 1 0 0
1137 6 1 1 0 0 0 5 0 0
1139 3 0 0 2 0 0 1 0 0
1141 2 0 0 1 0 0 1 0 0
1142 2 0 0 0 0 0 2 0 0
1149 7 0 0 6 0 0 0 0 0
fl=/rustc/58b834344fc7b9185e7a50db1ff24e5eb07dae5e//src/libstd/time.rs
fn=std::time::Instant::elapsed
326 15 1 1 0 0 0 5 0 0
327 30 1 1 5 5 2 10 0 0
328 15 0 0 10 0 0 0 0 0
fn=std::time::Instant::now
202 4 1 1 0 0 0 2 0 0
242 6 0 0 4 0 0 0 0 0
fl=/rustc/58b834344fc7b9185e7a50db1ff24e5eb07dae5e/src/liballoc/alloc.rs
fn=<alloc::boxed::Box<F> as core::ops::function::FnOnce<A>>::call_once
103 3 0 0 1 0 0 1 0 0
213 1 0 0 1 0 0 0 0 0
215 2 0 0 0 0 0 0 0 0
fn=alloc::sync::Arc<T>::drop_slow
103 24 1 1 9 0 0 4 0 0
215 2 0 0 0 0 0 0 0 0
fn=core::ops::function::FnOnce::call_once{{vtable-shim}}
103 7 0 0 3 0 0 0 0 0
fn=core::ptr::drop_in_place
103 6 0 0 4 0 0 0 0 0
fn=std::ffi::c_str::CString::from_vec_unchecked
125 4 0 0 1 0 0 1 0 0
fn=std::io::stdio::stdout
81 15 2 2 5 1 0 5 0 0
204 4 0 0 0 0 0 0 0 0
fn=std::rt::lang_start_internal
81 3 1 1 1 1 0 1 0 0
fn=std::sync::once::Once::call_once::{{closure}}
0 1 1 1 1 0 0 0 0 0
103 13 0 0 5 0 0 2 0 0
fn=std::sys_common::at_exit_imp::push
81 6 2 2 2 0 0 2 0 0
204 1 1 1 0 0 0 0 0 0
fn=std::thread::Thread::new
81 9 0 0 3 0 0 3 0 0
204 3 0 0 0 0 0 0 0 0
fl=/rustc/58b834344fc7b9185e7a50db1ff24e5eb07dae5e/src/liballoc/boxed.rs
fn=<alloc::boxed::Box<F> as core::ops::function::FnOnce<A>>::call_once
1015 8 1 1 0 0 0 5 0 0
1016 12 1 1 3 1 1 3 0 0
1017 7 1 1 6 0 0 0 0 0
fn=std::io::stdio::stdout
175 2 0 0 0 0 0 2 0 0
fl=/rustc/58b834344fc7b9185e7a50db1ff24e5eb07dae5e/src/liballoc/raw_vec.rs
fn=<std::io::buffered::BufWriter<W> as std::io::Write>::write
641 78 0 0 0 0 0 0 0 0
fn=core::ptr::drop_in_place
212 1 0 0 0 0 0 0 0 0
708 1 0 0 0 0 0 0 0 0
fn=std::ffi::c_str::CString::from_vec_unchecked
0 2 0 0 0 0 0 0 0 0
212 1 0 0 0 0 0 0 0 0
641 3 0 0 1 0 0 0 0 0
657 1 0 0 0 0 0 0 0 0
659 1 1 1 1 0 0 0 0 0
665 2 0 0 0 0 0 0 0 0
675 1 0 0 0 0 0 1 0 0
676 1 0 0 0 0 0 1 0 0
fn=std::io::stdio::stdout
90 2 0 0 0 0 0 0 0 0
fn=std::rt::lang_start_internal
90 2 0 0 0 0 0 0 0 0
fn=std::sync::once::Once::call_once::{{closure}}
212 1 0 0 0 0 0 0 0 0
219 1 0 0 0 0 0 0 0 0
708 1 0 0 0 0 0 0 0 0
fn=std::sys_common::at_exit_imp::push
0 2 0 0 0 0 0 0 0 0
212 1 0 0 0 0 0 0 0 0
418 1 0 0 0 0 0 0 0 0
657 1 0 0 0 0 0 0 0 0
665 2 0 0 0 0 0 0 0 0
675 1 1 1 0 0 0 1 0 0
676 1 0 0 0 0 0 1 0 0
fl=/rustc/58b834344fc7b9185e7a50db1ff24e5eb07dae5e/src/liballoc/sync.rs
fn=<std::io::stdio::Stdout as std::io::Write>::write_fmt
982 6 0 0 0 0 0 0 0 0
fn=alloc::sync::Arc<T>::drop_slow
736 8 2 2 0 0 0 6 0 0
739 2 0 0 2 0 0 0 0 0
741 4 0 0 2 0 0 0 0 0
743 2 0 0 2 0 0 0 0 0
fn=core::ops::function::FnOnce::call_once{{vtable-shim}}
1214 2 0 0 1 0 0 0 0 0
1249 2 0 0 0 0 0 1 0 0
fn=std::io::stdio::_print
1214 6 0 0 0 0 0 0 0 0
fn=std::io::stdio::stdout
0 1 0 0 0 0 0 0 0 0
302 23 1 1 7 1 0 14 1 1
966 6 1 1 0 0 0 0 0 0
fn=std::sync::once::Once::call_inner
0 3 1 1 0 0 0 0 0 0
fn=std::thread::Thread::new
302 10 1 1 3 0 0 7 0 0
fn=std::thread::local::fast::destroy_value
1214 2 0 0 1 0 0 0 0 0
1249 1 0 0 0 0 0 1 0 0
fl=/rustc/58b834344fc7b9185e7a50db1ff24e5eb07dae5e/src/liballoc/vec.rs
fn=<std::io::buffered::BufWriter<W> as std::io::Write>::write
473 39 0 0 39 0 0 0 0 0
495 39 0 0 39 0 0 0 0 0
843 39 1 1 39 0 0 0 0 0
933 39 1 1 0 0 0 39 0 0
2118 39 0 0 0 0 0 0 0 0
fn=alloc::vec::Vec<T>::into_boxed_slice
473 1 0 0 1 0 0 0 0 0
616 3 1 1 1 0 0 0 0 0
673 4 1 1 0 0 0 3 0 0
680 5 1 1 3 0 0 0 0 0
fn=std::ffi::c_str::CString::from_vec_unchecked
520 1 0 0 1 0 0 0 0 0
843 1 1 1 1 0 0 0 0 0
1167 2 0 0 0 0 0 0 0 0
1173 2 0 0 0 0 0 1 0 0
fn=std::io::buffered::BufWriter<W>::flush_buf
933 6 0 0 0 0 0 6 0 0
1277 6 0 0 6 0 0 0 0 0
1289 12 0 0 0 0 0 0 0 0
1906 6 1 1 6 0 0 0 0 0
2708 6 0 0 0 0 0 0 0 0
fn=std::sync::once::Once::call_once::{{closure}}
0 1 0 0 0 0 0 0 0 0
2540 8 2 2 1 0 0 1 0 0
fn=std::sys_common::at_exit_imp::push
323 3 0 0 0 0 0 2 0 0
1167 3 0 0 2 0 0 0 0 0
1171 1 0 0 1 0 0 0 0 0
1173 1 0 0 1 0 0 0 0 0
fn=std::thread::Thread::new
807 1 0 0 1 0 0 0 0 0
1906 1 0 0 1 0 0 0 0 0
fl=/rustc/58b834344fc7b9185e7a50db1ff24e5eb07dae5e/src/libcore/alloc.rs
fn=std::sys_common::at_exit_imp::push
249 2 0 0 0 0 0 0 0 0
fl=/rustc/58b834344fc7b9185e7a50db1ff24e5eb07dae5e/src/libcore/cell.rs
fn=<std::io::stdio::StdoutLock as std::io::Write>::write
0 165 1 1 0 0 0 33 0 0
908 33 0 0 0 0 0 0 0 0
1356 66 0 0 33 0 0 0 0 0
fn=std::io::stdio::_print
1356 12 1 1 6 0 0 0 0 0
fn=std::io::stdio::stdout
432 6 0 0 6 5 3 0 0 0
660 4 0 0 2 0 0 2 0 0
fn=std::sys_common::thread_info::set
643 1 0 0 0 0 0 0 0 0
908 1 0 0 0 0 0 0 0 0
1110 1 1 1 1 0 0 0 0 0
1111 1 0 0 0 0 0 0 0 0
1356 2 0 0 1 0 0 0 0 0
fl=/rustc/58b834344fc7b9185e7a50db1ff24e5eb07dae5e/src/libcore/cmp.rs
fn=std::io::buffered::BufWriter<W>::flush_buf
0 12 0 0 0 0 0 0 0 0
fn=std::sync::once::Once::call_once::{{closure}}
1123 30 0 0 0 0 0 0 0 0
fn=std::sys::unix::time::Timespec::sub_timespec
1138 32 1 1 0 0 0 0 0 0
fn=std::sys_common::at_exit_imp::push
0 2 0 0 0 0 0 0 0 0
1004 1 1 1 0 0 0 0 0 0
fl=/rustc/58b834344fc7b9185e7a50db1ff24e5eb07dae5e/src/libcore/convert/mod.rs
fn=std::thread::Thread::new
558 6 1 1 2 1 0 3 0 0
fl=/rustc/58b834344fc7b9185e7a50db1ff24e5eb07dae5e/src/libcore/intrinsics.rs
fn=<std::io::buffered::BufWriter<W> as std::io::Write>::write
1523 117 0 0 39 5 2 39 0 0
fn=<std::io::stdio::Stdout as std::io::Write>::write_fmt
1523 10 1 1 0 0 0 7 0 0
fn=<std::io::stdio::StdoutLock as std::io::Write>::write
1523 66 0 0 33 0 0 33 0 0
fn=alloc::vec::Vec<T>::into_boxed_slice
1523 2 0 0 1 0 0 0 0 0
fn=core::ops::function::FnOnce::call_once{{vtable-shim}}
1523 2 0 0 1 0 0 1 0 0
fn=std::io::stdio::_print
1523 18 1 1 0 0 0 12 0 0
fn=std::io::stdio::stdout
1523 2 0 0 0 0 0 1 0 0
fn=std::rt::lang_start_internal
1523 1 0 0 0 0 0 1 0 0
fn=std::sync::once::Once::call_once::{{closure}}
1523 23 0 0 12 0 0 11 0 0
fn=std::sys_common::thread_info::set
1523 2 0 0 1 0 0 1 0 0
fn=std::thread::local::fast::Key<T>::try_initialize
1523 22 4 4 7 1 1 7 0 0
fn=std::thread::local::fast::destroy_value
1523 11 0 0 6 2 2 4 1 1
fl=/rustc/58b834344fc7b9185e7a50db1ff24e5eb07dae5e/src/libcore/iter/range.rs
fn=std::sync::once::Once::call_once::{{closure}}
345 10 0 0 0 0 0 0 0 0
350 11 0 0 0 0 0 0 0 0
fl=/rustc/58b834344fc7b9185e7a50db1ff24e5eb07dae5e/src/libcore/mem/mod.rs
fn=std::rt::lang_start_internal
499 20 3 3 0 0 0 15 2 1
fn=std::thread::local::fast::Key<T>::try_initialize
681 3 0 0 0 0 0 3 0 0
fn=std::thread::local::fast::destroy_value
681 3 0 0 0 0 0 3 0 0
fl=/rustc/58b834344fc7b9185e7a50db1ff24e5eb07dae5e/src/libcore/num/mod.rs
fn=<std::io::buffered::BufWriter<W> as std::io::Write>::write
3250 78 0 0 0 0 0 0 0 0
fn=hashbrown::raw::capacity_to_buckets
3592 26 0 0 0 0 0 0 0 0
3968 6 0 0 0 0 0 0 0 0
3970 16 0 0 0 0 0 0 0 0
3975 48 0 0 0 0 0 0 0 0
3976 16 0 0 0 0 0 0 0 0
3977 32 0 0 0 0 0 0 0 0
fn=std::sys::unix::time::Timespec::sub_timespec
3535 5 0 0 0 0 0 0 0 0
fn=std::sys_common::at_exit_imp::push
3535 2 0 0 0 0 0 0 0 0
3592 3 0 0 0 0 0 0 0 0
fn=std::sys_common::thread_info::set
1199 1 0 0 0 0 0 0 0 0
fl=/rustc/58b834344fc7b9185e7a50db1ff24e5eb07dae5e/src/libcore/ops/arith.rs
fn=<std::io::stdio::StdoutLock as std::io::Write>::write
94 6 0 0 0 0 0 0 0 0
fn=std::sync::once::Once::call_once::{{closure}}
94 9 1 1 0 0 0 0 0 0
fl=/rustc/58b834344fc7b9185e7a50db1ff24e5eb07dae5e/src/libcore/ops/function.rs
fn=core::ops::function::FnOnce::call_once{{vtable-shim}}
232 4 1 1 1 0 0 3 0 0
fl=/rustc/58b834344fc7b9185e7a50db1ff24e5eb07dae5e/src/libcore/option.rs
fn=<std::io::stdio::Stdout as std::io::Write>::write_fmt
272 30 0 0 18 5 2 0 0 0
fn=<std::io::stdio::StdoutLock as std::io::Write>::write
293 6 0 0 6 0 0 0 0 0
380 6 0 0 0 0 0 0 0 0
fn=core::ptr::drop_in_place
191 1 0 0 1 0 0 0 0 0
fn=std::collections::hash::map::RandomState::new::KEYS::__getit
272 9 0 0 6 0 0 0 0 0
fn=std::ffi::c_str::CString::from_vec_unchecked
526 1 0 0 0 0 0 0 0 0
fn=std::io::buffered::BufWriter<W>::flush_buf
293 12 0 0 6 0 0 0 0 0
380 6 0 0 0 0 0 0 0 0
fn=std::io::stdio::_print
272 12 0 0 12 9 4 0 0 0
293 12 0 0 6 0 0 0 0 0
fn=std::io::stdio::stdout
346 12 0 0 0 0 0 0 0 0
fn=std::sync::once::Once::call_once::{{closure}}
380 2 0 0 1 0 0 0 0 0
fn=std::sys::unix::time::Timespec::sub_timespec
346 5 0 0 0 0 0 0 0 0
fn=std::sys_common::at_exit_imp::push
526 1 0 0 0 0 0 0 0 0
fn=std::sys_common::thread_info::set
191 1 0 0 1 0 0 0 0 0
272 5 2 2 3 1 0 0 0 0
fn=std::thread::Thread::new
380 2 0 0 0 0 0 0 0 0
450 2 0 0 0 0 0 0 0 0
fl=/rustc/58b834344fc7b9185e7a50db1ff24e5eb07dae5e/src/libcore/ptr/const_ptr.rs
fn=<std::io::stdio::StdoutLock as std::io::Write>::write
160 6 0 0 0 0 0 0 0 0
fn=<std::sync::once::WaiterQueue as core::ops::drop::Drop>::drop
31 1 0 0 0 0 0 0 0 0
fn=std::io::Write::write_all
160 66 0 0 0 0 0 0 0 0
fn=std::io::buffered::BufWriter<W>::flush_buf
160 12 0 0 0 0 0 0 0 0
fl=/rustc/58b834344fc7b9185e7a50db1ff24e5eb07dae5e/src/libcore/ptr/mod.rs
fn=<std::io::stdio::Stdout as std::io::Write>::write_fmt
0 12 0 0 0 0 0 0 0 0
174 18 0 0 6 0 0 0 0 0
fn=alloc::sync::Arc<T>::drop_slow
174 11 2 2 6 0 0 1 0 0
fn=core::ptr::drop_in_place
0 2 0 0 0 0 0 0 0 0
174 10 1 1 3 0 0 3 0 0
fn=std::ffi::c_str::CString::from_vec_unchecked
798 1 0 0 0 0 0 1 0 0
fn=std::sync::once::Once::call_inner
174 1 0 0 1 0 0 1 0 0
fn=std::sys_common::at_exit_imp::push
798 3 0 0 0 0 0 2 0 0
fn=std::sys_common::thread_info::set
174 2 1 1 1 0 0 0 0 0
fn=std::thread::local::fast::Key<T>::try_initialize
174 6 0 0 1 0 0 0 0 0
fn=std::thread::local::fast::destroy_value
0 1 0 0 0 0 0 0 0 0
174 6 1 1 2 0 0 0 0 0
fl=/rustc/58b834344fc7b9185e7a50db1ff24e5eb07dae5e/src/libcore/ptr/mut_ptr.rs
fn=<std::io::buffered::BufWriter<W> as std::io::Write>::write
154 39 0 0 0 0 0 0 0 0
fn=<std::io::stdio::StdoutLock as std::io::Write>::write
30 33 0 0 0 0 0 0 0 0
fn=std::io::stdio::stdout
30 4 0 0 0 0 0 0 0 0
fn=std::sync::once::Once::call_once::{{closure}}
30 1 0 0 0 0 0 0 0 0
154 2 1 1 0 0 0 0 0 0
fn=std::sys_common::at_exit_imp::push
30 1 0 0 0 0 0 0 0 0
fn=std::thread::Thread::new
30 4 0 0 0 0 0 0 0 0
fn=std::thread::local::fast::Key<T>::try_initialize
0 4 0 0 0 0 0 0 0 0
fl=/rustc/58b834344fc7b9185e7a50db1ff24e5eb07dae5e/src/libcore/result.rs
fn=<std::io::stdio::StdoutLock as std::io::Write>::write
721 18 0 0 6 0 0 0 0 0
fn=std::io::stdio::_print
847 24 1 1 12 0 0 6 0 0
fn=std::rt::lang_start_internal
0 1 0 0 1 0 0 0 0 0
822 2 0 0 0 0 0 0 0 0
825 2 0 0 0 0 0 0 0 0
fn=std::sys_common::at_exit_imp::push
603 1 0 0 0 0 0 0 0 0
fn=std::sys_common::thread_info::set
0 1 1 1 0 0 0 0 0 0
fn=std::time::Instant::elapsed
396 20 0 0 15 0 0 0 0 0
fl=/rustc/58b834344fc7b9185e7a50db1ff24e5eb07dae5e/src/libcore/slice/mod.rs
fn=<std::io::stdio::StdoutLock as std::io::Write>::write
0 6 0 0 0 0 0 0 0 0
89 33 1 1 0 0 0 0 0 0
2825 12 0 0 0 0 0 0 0 0
2837 12 0 0 0 0 0 0 0 0
2993 12 0 0 0 0 0 0 0 0
fn=std::io::Write::write_all
89 71 0 0 0 0 0 0 0 0
2835 99 0 0 0 0 0 0 0 0
fn=std::io::buffered::BufWriter<W>::flush_buf
2835 18 0 0 0 0 0 0 0 0
fl=/rustc/58b834344fc7b9185e7a50db1ff24e5eb07dae5e/src/libcore/sync/atomic.rs
fn=<std::io::stdio::Stdout as std::io::Write>::write_fmt
2276 6 0 0 6 0 0 0 0 0
fn=<std::sync::once::WaiterQueue as core::ops::drop::Drop>::drop
2289 1 0 0 2 0 0 0 0 0
fn=alloc::sync::Arc<T>::drop_slow
2314 2 0 0 4 0 0 0 0 0
fn=core::ops::function::FnOnce::call_once{{vtable-shim}}
2314 1 0 0 2 0 0 0 0 0
fn=std::io::stdio::_print
2314 6 0 0 12 0 0 0 0 0
fn=std::io::stdio::stdout
2303 6 0 0 12 4 2 0 0 0
fn=std::rt::lang_start_internal
2275 1 0 0 1 1 1 0 0 0
fn=std::sync::once::Once::call_inner
2275 1 0 0 1 0 0 0 0 0
2331 4 1 1 1 0 0 0 0 0
fn=std::thread::local::fast::Key<T>::try_initialize
404 1 1 1 0 0 0 0 0 0
2276 1 0 0 1 1 1 0 0 0
fn=std::thread::local::fast::destroy_value
2314 1 0 0 2 1 1 0 0 0
fl=/rustc/58b834344fc7b9185e7a50db1ff24e5eb07dae5e/src/libcore/time.rs
fn=std::sys::unix::time::Timespec::sub_timespec
136 20 0 0 0 0 0 0 0 0
fl=/rustc/58b834344fc7b9185e7a50db1ff24e5eb07dae5e/src/libcore/tuple.rs
fn=std::sys::unix::time::Timespec::sub_timespec
98 12 0 0 0 0 0 0 0 0
fl=???
fn=(below main)
0 59 5 5 16 1 0 18 0 0
fn=<hashbrown::raw::RawIter<T> as core::iter::traits::iterator::Iterator>::next
0 156376 3 3 43072 266 255 13069 0 0
fn=???
0 1032 72 70 458 42 13 28 2 1
fn=_Exit
0 9 2 2 1 0 0 0 0 0
fn=_IO_cleanup
0 102 8 8 33 1 1 18 0 0
fn=_IO_default_finish
0 16 2 2 6 0 0 1 0 0
fn=_IO_doallocbuf
0 26 3 3 8 1 0 4 0 0
fn=_IO_file_close
0 3 1 1 1 0 0 0 0 0
fn=_IO_file_close_it@@GLIBC_2.2.5
0 55 5 5 10 0 0 16 0 0
fn=_IO_file_doallocate
0 51 5 5 12 1 0 7 0 0
fn=_IO_file_finish@@GLIBC_2.2.5
0 13 2 2 3 0 0 2 0 0
fn=_IO_file_fopen@@GLIBC_2.2.5
0 94 9 9 19 2 2 9 0 0
fn=_IO_file_open
0 34 3 3 6 0 0 7 0 0
fn=_IO_file_read
0 30 2 2 10 0 0 0 0 0
fn=_IO_file_stat
0 5 1 1 1 0 0 0 0 0
fn=_IO_file_underflow@@GLIBC_2.2.5
0 307 7 7 97 1 1 71 0 0
fn=_IO_flush_all_lockp
0 123 10 10 38 13 13 20 1 1
fn=_IO_link_in
0 115 9 9 43 4 1 22 0 0
fn=_IO_new_file_init_internal
0 9 1 1 3 0 0 4 0 0
fn=_IO_no_init
0 1276 3 3 275 0 0 452 2 2
fn=_IO_old_init
0 1432 3 3 165 1 1 882 2 2
fn=_IO_setb
0 1573 1 1 393 0 0 393 0 0
fn=_IO_sputbackc
0 4104 3 3 1512 0 0 648 1 0
fn=_IO_str_init_static_internal
0 1944 3 3 270 0 0 702 0 0
fn=_IO_switch_to_get_mode
0 125 3 3 40 0 0 35 0 0
fn=_IO_un_link
0 8 1 1 3 0 0 0 0 0
fn=_IO_unsave_markers
0 6 2 2 3 0 0 0 0 0
fn=_ZN9hashbrown3raw17RawTable$LT$T$GT$14reserve_rehash17hac26e478cb434b2dE.llvm.11647622828959961714
0 162 9 9 54 5 5 46 2 2
fn=__GI__IO_un_link.part.0
0 73 9 9 23 0 0 14 0 0
fn=__GI___close_nocancel
0 36 5 2 6 0 0 0 0 0
fn=__GI___tunables_init
0 32776 6 6 6285 47 47 6 1 1
fn=__GI_strstr
0 34 4 4 11 1 1 8 1 0
fn=____strtoul_l_internal
0 26856 14 14 3196 5 4 1188 1 0
fn=__bsd_signal.part.0
0 91 3 3 7 1 1 20 0 0
fn=__call_tls_dtors
0 41 2 2 21 1 1 8 0 0
fn=__close_nocancel
0 6 1 1 1 0 0 0 0 0
fn=__ctype_init
0 17 2 2 10 5 0 3 0 0
fn=__cxa_atexit
0 3 1 1 0 0 0 0 0 0
fn=__cxa_finalize
0 295 7 7 85 2 2 35 0 0
fn=__cxa_thread_atexit_impl
0 90 4 4 30 4 0 28 0 0
fn=__default_morecore
0 56 4 2 7 0 0 7 3 0
fn=__fopen_internal
0 43 4 4 7 0 0 11 1 1
fn=__init_misc
0 25 2 2 7 1 0 5 1 0
fn=__internal_atexit
0 40 4 4 11 1 1 10 1 0
fn=__isoc99_sscanf
0 2700 6 6 378 0 0 918 0 0
fn=__libc_csu_init
0 41 2 2 9 0 0 9 0 0
fn=__libc_pthread_init
0 310 2 2 86 6 0 46 6 6
fn=__libc_scratch_buffer_set_array_size
0 90 2 2 25 0 0 15 0 0
fn=__libc_sigaction
0 279 17 12 81 0 0 71 3 1
fn=__memchr_avx2
0 2294 12 12 280 15 15 0 0 0
fn=__memcpy_avx_unaligned_erms
0 132974 11 11 131481 2052 1 131378 2070 2041
fn=__memrchr_avx2
0 995 5 4 66 10 6 0 0 0
fn=__memset_avx2_erms
0 134264970 1 1 6 1 1 134264928 2097890 2097890
fn=__memset_avx2_unaligned_erms
0 345 5 5 11 0 0 90 33 33
fn=__new_exitfn
0 32 4 4 8 2 0 5 0 0
fn=__open_nocancel
0 383 4 4 21 0 0 30 2 2
fn=__pread64_nocancel
0 56 0 0 8 0 0 0 0 0
fn=__pthread_initialize_minimal
0 206 14 14 24 5 0 56 7 2
fn=__pthread_mutex_unlock_usercnt
0 771 6 5 226 2 0 31 0 0
fn=__pthread_tunables_init
0 14 2 2 4 0 0 2 0 0
fn=__rawmemchr_avx2
0 1767 6 6 277 1 1 0 0 0
fn=__read_nocancel
0 60 3 3 10 0 0 0 0 0
fn=__register_atfork
0 43 4 4 10 1 1 11 2 2
fn=__run_exit_handlers
0 102 8 8 25 5 5 15 1 1
fn=__rust_alloc
0 29 1 1 0 0 0 0 0 0
fn=__rust_dealloc
0 29 0 0 0 0 0 0 0 0
fn=__rust_probestack
0 10 2 2 2 0 0 1 0 0
fn=__rust_realloc
0 42 1 1 0 0 0 0 0 0
fn=__sigjmp_save
0 9 1 1 2 0 0 2 0 0
fn=__sigsetjmp
0 297 4 4 65 1 0 116 3 3
fn=__strchr_avx2
0 26 3 3 3 0 0 0 0 0
fn=__strrchr_avx2
0 75 6 6 5 3 1 0 0 0
fn=__strtoul_internal
0 432 2 2 216 0 0 0 0 0
fn=__tunable_get_val
0 565 5 3 116 22 0 29 0 0
fn=__underflow
0 174 4 4 55 1 0 11 0 0
fn=__unregister_atfork
0 140 3 3 45 2 2 5 0 0
fn=__vfscanf_internal
0 59946 52 52 16900 12 7 7910 8 0
fn=_dl_add_to_namespace_list
0 259 2 2 68 1 1 47 0 0
fn=_dl_add_to_slotinfo
0 56 2 2 18 4 0 12 0 0
fn=_dl_addr
0 71449 10 10 14298 1085 737 17 2 0
fn=_dl_addr_inside_object
0 112 2 2 26 16 0 0 0 0
fn=_dl_allocate_tls_init
0 131 6 6 38 4 0 19 1 1
fn=_dl_allocate_tls_storage
0 324 3 3 6 0 0 295 37 37
fn=_dl_cache_libcmp
0 4434 3 3 688 39 39 0 0 0
fn=_dl_catch_error
0 23 2 2 7 0 0 7 0 0
fn=_dl_catch_exception
0 432 4 4 96 0 0 156 4 4
fn=_dl_cet_check
0 2 1 1 0 0 0 0 0 0
fn=_dl_check_all_versions
0 111 3 3 19 0 0 11 0 0
fn=_dl_check_map_versions
0 7080 20 20 2399 60 50 669 41 40
fn=_dl_count_modids
0 6 1 1 3 0 0 0 0 0
fn=_dl_debug_initialize
0 72 3 3 22 1 0 4 0 0
fn=_dl_debug_state
0 4 0 0 2 0 0 0 0 0
fn=_dl_determine_tlsoffset
0 104 6 6 18 0 0 10 0 0
fn=_dl_discover_osversion
0 74 6 6 11 1 1 4 1 1
fn=_dl_dst_count
0 234 1 1 78 0 0 78 3 3
fn=_dl_find_dso_for_object
0 135 4 3 48 12 0 14 0 0
fn=_dl_fini
0 441 13 13 142 52 52 49 7 7
fn=_dl_get_tls_static_info
0 6 1 1 3 0 0 2 1 1
fn=_dl_important_hwcaps
0 588 22 22 80 0 0 83 4 4
fn=_dl_init
0 111 4 4 33 3 0 14 0 0
fn=_dl_init_paths
0 658 11 11 81 0 0 35 4 4
fn=_dl_load_cache_lookup
0 1342 20 17 230 37 37 134 1 1
fn=_dl_lookup_symbol_x
0 69190 10 10 15019 199 163 7613 4 1
fn=_dl_map_object
0 2176 24 20 464 0 0 293 6 6
fn=_dl_map_object_deps
0 2233 36 32 437 10 1 215 11 11
fn=_dl_map_object_from_fd
0 5668 56 52 1289 50 50 600 50 50
fn=_dl_name_match_p
0 3238 2 2 805 0 0 468 1 1
fn=_dl_new_object
0 1257 15 15 225 7 7 231 42 42
fn=_dl_next_ld_env_entry
0 487 2 2 169 0 0 2 0 0
fn=_dl_next_tls_modid
0 7 1 1 3 1 0 1 0 0
fn=_dl_process_pt_note
0 561 13 10 148 0 0 69 7 7
fn=_dl_protect_relro
0 147 2 2 42 0 0 14 0 0
fn=_dl_receive_error
0 17 1 1 5 0 0 7 0 0
fn=_dl_relocate_object
0 60359 51 51 15188 1164 1025 5641 415 384
fn=_dl_setup_hash
0 168 2 2 49 8 8 42 1 1
fn=_dl_sort_maps
0 1175 18 18 303 6 6 66 0 0
fn=_dl_start
0 1082 19 18 258 39 38 88 38 38
fn=_dl_sysdep_read_whole_file
0 43 4 4 6 0 0 9 0 0
fn=_dl_sysdep_start
0 694 32 31 168 23 20 79 8 8
fn=_dl_sysdep_start_cleanup
0 2 1 1 1 0 0 0 0 0
fn=_dl_unload_cache
0 11 1 1 3 1 0 2 0 0
fn=_fxstat
0 77 4 4 7 0 0 0 0 0
fn=_init
0 22 3 3 7 3 0 6 3 3
fn=_int_free
0 2610 18 18 752 67 8 427 12 0
fn=_int_malloc
0 5943 32 30 983 84 25 972 56 30
fn=_int_realloc
0 1920 10 9 349 7 0 277 25 22
fn=_pthread_cleanup_pop_restore
0 580 1 1 232 0 0 58 0 0
fn=_pthread_cleanup_push_defer
0 986 4 4 232 2 1 290 0 0
fn=_setjmp
0 3 1 1 0 0 0 0 0 0
fn=_start
0 12 2 2 2 0 0 3 0 0
fn=_xstat
0 109 1 1 8 0 0 7 0 0
fn=access
0 9 0 0 1 0 0 1 0 0
fn=allocate_dtv
0 19 1 1 4 0 0 5 0 0
fn=bcmp
0 26 2 2 10 0 0 0 0 0
fn=brk
0 65 4 3 11 0 0 6 1 1
fn=call_init.part.0
0 346 4 4 119 27 0 56 0 0
fn=calloc
0 290 9 9 32 1 0 20 1 0
fn=check_match
0 20179 6 6 6714 406 204 2376 0 0
fn=check_stdfiles_vtables
0 12 2 2 7 3 0 0 0 0
fn=clock_gettime@@GLIBC_2.17
0 147 2 2 35 11 4 14 0 0
fn=core::fmt::num::<impl core::fmt::Debug for usize>::fmt
0 19 2 2 5 1 1 5 0 0
fn=core::hash::impls::<impl core::hash::Hash for &T>::hash
0 6002659980 7 7 1100487663 12535116 12504534 800354664 0 0
fn=dl_cet_check
0 31 3 3 9 0 0 6 0 0
fn=dl_main
0 1467 81 81 375 54 27 162 20 19
fn=do_lookup_x
0 127707 18 18 41889 594 281 18896 4 4
fn=do_preload
0 28 2 2 7 0 0 8 0 0
fn=dso_name_valid_for_suid
0 11 1 1 4 0 0 1 0 0
fn=elision_init
0 37 4 4 6 0 0 8 0 0
fn=exit
0 6 1 1 0 0 0 1 0 0
fn=expand_dynamic_string_token
0 36 2 2 10 0 0 12 0 0
fn=fclose@@GLIBC_2.2.5
0 58 7 7 16 0 0 7 0 0
fn=fillin_rpath
0 152 12 12 27 0 0 43 1 1
fn=fopen@@GLIBC_2.2.5
0 3 1 1 0 0 0 0 0 0
fn=free
0 787 7 7 191 42 5 4 0 0
fn=get_common_indices.constprop.0
0 97 8 8 14 0 0 21 1 1
fn=getdelim
0 4385 10 10 1170 0 0 672 0 0
fn=getpagesize
0 12 2 2 6 0 0 0 0 0
fn=getrlimit
0 20 2 1 2 0 0 0 0 0
fn=handle_intel.constprop.0
0 177 6 6 36 0 0 45 0 0
fn=handle_preload_list
0 55 3 3 11 0 0 12 1 1
fn=hashbrown::map::HashMap<K,V,S>::contains_key
0 1232425 9 9 213118 31037 0 90000 5 1
fn=hashbrown::map::HashMap<K,V,S>::insert
0 12894928533 16 16 2016531465 110128700 107534859 1400280000 0 0
fn=hashbrown::raw::RawTable<T>::insert
0 5317179260 9 9 1402071046 13 3 800160014 98585113 98227616
fn=hashbrown::raw::RawTable<T>::reserve_rehash
0 1788829 17 17 273731 2661 1 172331 4014 3968
fn=hashbrown::raw::RawTable<T>::try_with_capacity
0 976 5 5 176 22 4 272 18 2
fn=index
0 636 8 8 87 11 11 0 0 0
fn=init_cacheinfo
0 246 15 15 20 1 0 21 2 2
fn=init_tls
0 93 5 5 21 4 1 14 1 1
fn=intel_check_word.isra.0
0 1298 10 10 111 6 6 24 0 0
fn=list_intersect::main
0 1700301331 39 39 100010176 38 17 200050291 12501292 12501236
fn=main
0 10 1 1 3 1 0 3 0 0
fn=malloc
0 2498 11 11 585 60 12 330 0 0
fn=malloc_hook_ini
0 12 1 1 3 2 1 3 0 0
fn=malloc_init_state
0 647 2 2 1 0 0 257 34 33
fn=map_doit
0 15 2 2 5 0 0 3 1 1
fn=memchr
0 20 1 1 6 0 0 0 0 0
fn=memcpy
0 855 5 5 249 5 3 181 21 21
fn=memcpy@@GLIBC_2.14
0 68 2 2 20 0 0 0 0 0
fn=memmove
0 51 2 2 15 1 0 0 0 0
fn=mempcpy
0 190 2 2 10 1 0 0 0 0
fn=memrchr
0 20 2 2 6 0 0 0 0 0
fn=memset
0 1290 7 7 43 0 0 562 131 131
fn=mmap
0 566 5 5 90 0 0 60 1 0
fn=mprotect
0 42 0 0 7 0 0 0 0 0
fn=mremap
0 84 1 1 12 0 0 0 0 0
fn=mremap_chunk
0 732 4 4 156 38 20 60 12 6
fn=munmap
0 36 2 2 6 0 0 0 0 0
fn=munmap_chunk
0 132 3 3 40 1 0 0 0 0
fn=open_path
0 1053 18 15 335 0 0 149 5 5
fn=open_verify.constprop.0
0 1629 17 17 407 20 20 172 2 2
fn=openaux
0 198 1 1 88 0 0 33 0 0
fn=pthread_attr_destroy
0 7 1 1 2 0 0 1 0 0
fn=pthread_attr_getstack
0 9 1 1 3 0 0 2 0 0
fn=pthread_attr_init@@GLIBC_2.2.5
0 14 1 1 2 0 0 7 0 0
fn=pthread_cond_destroy@@GLIBC_2.3.2
0 23 3 3 4 0 0 1 0 0
fn=pthread_cond_init@@GLIBC_2.3.2
0 15 2 2 3 0 0 3 0 0
fn=pthread_condattr_destroy
0 3 0 0 1 0 0 0 0 0
fn=pthread_condattr_init
0 4 1 1 1 0 0 1 0 0
fn=pthread_condattr_setclock
0 11 2 2 2 0 0 1 0 0
fn=pthread_getaffinity_np@@GLIBC_2.3.4
0 20 2 2 2 0 0 1 0 0
fn=pthread_getattr_np
0 1482 14 14 355 5 0 137 2 0
fn=pthread_mutex_destroy
0 22 2 2 6 0 0 2 0 0
fn=pthread_mutex_init
0 94 3 3 20 0 0 18 0 0
fn=pthread_mutex_lock
0 897 8 5 268 26 13 72 0 0
fn=pthread_mutex_unlock
0 93 1 1 0 0 0 0 0 0
fn=pthread_mutexattr_destroy
0 6 1 1 2 0 0 0 0 0
fn=pthread_mutexattr_init
0 8 1 1 2 0 0 2 0 0
fn=pthread_mutexattr_settype
0 26 2 2 4 0 0 2 0 0
fn=pthread_self
0 3 1 1 2 0 0 0 0 0
fn=ptmalloc_init.part.0
0 83 8 8 11 5 1 19 2 0
fn=rawmemchr
0 10 2 2 3 0 0 0 0 0
fn=realloc
0 3083 8 8 607 69 24 325 15 6
fn=realloc_hook_ini
0 19 2 2 5 0 0 4 0 0
fn=rindex
0 20 1 1 6 0 0 0 0 0
fn=rtld_lock_default_lock_recursive
0 18 1 1 12 1 1 0 0 0
fn=rtld_lock_default_unlock_recursive
0 18 0 0 12 0 0 0 0 0
fn=sbrk
0 195 7 5 54 8 2 28 0 0
fn=sigaction
0 24 3 3 0 0 0 0 0 0
fn=sigaltstack
0 18 2 2 3 0 0 0 0 0
fn=signal
0 10 1 1 0 0 0 0 0 0
fn=std::rt::lang_start::{{closure}}
0 5 2 1 3 1 0 2 0 0
fn=stpcpy
0 9 2 2 3 0 0 0 0 0
fn=stpncpy
0 9 1 1 3 0 0 0 0 0
fn=strcasecmp
0 6 2 2 3 0 0 0 0 0
fn=strcasecmp_l
0 6 1 1 3 0 0 0 0 0
fn=strcat
0 9 2 2 3 0 0 0 0 0
fn=strchrnul
0 10 1 1 3 0 0 0 0 0
fn=strcmp
0 34669 65 62 6494 266 142 0 0 0
fn=strcpy
0 18 1 1 6 2 0 0 0 0
fn=strcspn
0 227 5 5 103 2 2 34 4 4
fn=strdup
0 108 1 1 12 0 0 24 0 0
fn=strlen
0 918 8 8 146 4 2 0 0 0
fn=strncasecmp
0 6 2 2 3 0 0 0 0 0
fn=strncasecmp_l
0 6 1 1 3 0 0 0 0 0
fn=strncmp
0 9 2 2 3 0 0 0 0 0
fn=strncpy
0 9 2 2 3 0 0 0 0 0
fn=strnlen
0 20 2 2 6 0 0 0 0 0
fn=strpbrk
0 7 1 1 3 0 0 0 0 0
fn=strsep
0 1260 3 3 202 1 1 1 0 0
fn=strspn
0 7 2 2 3 0 0 0 0 0
fn=syscall
0 12 2 2 2 0 0 0 0 0
fn=sysconf
0 38 7 7 9 1 1 6 0 0
fn=sysmalloc
0 639 28 20 166 24 7 102 15 8
fn=systrim.isra.0.constprop.0
0 102 3 3 36 8 0 16 1 0
fn=tcache_init.part.0
0 114 3 3 9 0 0 84 9 9
fn=uname
0 6 2 2 1 0 0 0 0 0
fn=unlink_chunk.isra.0
0 186 3 3 78 10 0 24 0 0
fn=version_check_doit
0 11 1 1 4 0 0 2 0 0
fn=wcschr
0 20 1 1 6 0 0 0 0 0
fn=wcscmp
0 10 2 2 3 0 0 0 0 0
fn=wcscpy
0 7 1 1 3 0 0 0 0 0
fn=wcslen
0 10 1 1 3 0 0 0 0 0
fn=wcsnlen
0 9 2 2 3 0 0 0 0 0
fn=wmemchr
0 20 2 2 6 0 0 0 0 0
fn=wmemcmp
0 13 2 2 5 0 0 0 0 0
fn=wmemset
0 34 2 2 6 0 0 0 0 0
fn=write
0 54 1 1 12 0 0 0 0 0
summary: 26053267375 1876 1814 4619914909 122705043 120042949 3335578243 113191653 112833822
